2024-08-19 13:14:32.431 [info] Extension host with pid 13438 started
2024-08-19 13:14:32.454 [info] ExtensionService#_doActivateExtension vscode.git-base, startup: true, activationEvent: '*', root cause: vscode.git
2024-08-19 13:14:32.457 [info] ExtensionService#_doActivateExtension formulahendry.auto-close-tag, startup: true, activationEvent: '*'
2024-08-19 13:14:32.458 [info] ExtensionService#_doActivateExtension formulahendry.auto-rename-tag, startup: true, activationEvent: '*'
2024-08-19 13:14:32.478 [info] ExtensionService#_doActivateExtension mohamedbenhida.laravel-intellisense, startup: true, activationEvent: '*'
2024-08-19 13:14:32.535 [error] Activating extension mohamedbenhida.laravel-intellisense failed due to an error:
2024-08-19 13:14:32.536 [error] TypeError: Cannot use 'in' operator to search for 'uri' in undefined
    at registerCommand (/root/.vscode/extensions/mohamedbenhida.laravel-intellisense-0.2.0/src/utils.ts:59:6)
    at x (/root/.vscode/extensions/mohamedbenhida.laravel-intellisense-0.2.0/src/extension.ts:16:14)
    at Function.kb (/opt/visual-studio-code/resources/app/out/vs/workbench/api/node/extensionHostProcess.js:160:13608)
    at Function.jb (/opt/visual-studio-code/resources/app/out/vs/workbench/api/node/extensionHostProcess.js:160:13280)
    at /opt/visual-studio-code/resources/app/out/vs/workbench/api/node/extensionHostProcess.js:160:11267
    at m.n (/opt/visual-studio-code/resources/app/out/vs/workbench/api/node/extensionHostProcess.js:144:6409)
    at m (/opt/visual-studio-code/resources/app/out/vs/workbench/api/node/extensionHostProcess.js:144:6372)
    at m.l (/opt/visual-studio-code/resources/app/out/vs/workbench/api/node/extensionHostProcess.js:144:5829)
2024-08-19 13:14:32.536 [info] ExtensionService#_doActivateExtension vscode.git, startup: true, activationEvent: '*'
2024-08-19 13:14:32.551 [info] ExtensionService#_doActivateExtension vscode.github, startup: true, activationEvent: '*'
2024-08-19 13:14:32.601 [info] Eager extensions activated
2024-08-19 13:14:32.618 [info] ExtensionService#_doActivateExtension vscode.debug-auto-launch, startup: false, activationEvent: 'onStartupFinished'
2024-08-19 13:14:32.619 [info] ExtensionService#_doActivateExtension vscode.merge-conflict, startup: false, activationEvent: 'onStartupFinished'
2024-08-19 13:14:32.624 [info] ExtensionService#_doActivateExtension ritwickdey.LiveServer, startup: false, activationEvent: 'onStartupFinished'
2024-08-19 13:14:32.627 [info] ExtensionService#_doActivateExtension tonybaloney.vscode-pets, startup: false, activationEvent: 'onStartupFinished'
2024-08-19 13:14:32.633 [info] ExtensionService#_doActivateExtension usernamehw.errorlens, startup: false, activationEvent: 'onStartupFinished'
2024-08-19 13:14:32.637 [info] ExtensionService#_doActivateExtension vscode-icons-team.vscode-icons, startup: false, activationEvent: 'onStartupFinished'
2024-08-19 13:14:34.764 [info] Extension host terminating: renderer closed the MessagePort
2024-08-19 13:14:34.778 [info] Extension host with pid 13438 exiting with code 0
