2024-08-19 13:14:55.990 [info] [main] Log level: Info
2024-08-19 13:14:55.990 [info] [main] Validating found git in: "git"
2024-08-19 13:14:55.990 [info] [main] Using git "2.45.2" from "git"
2024-08-19 13:14:55.990 [info] [Model][doInitialScan] Initial repository scan started
2024-08-19 13:14:55.990 [info] [Model][doInitialScan] Initial repository scan completed - repositories (0), closed repositories (0), parent repositories (0), unsafe repositories (0)
2024-08-19 13:15:11.791 [info] [main] Log level: Info
2024-08-19 13:15:11.791 [info] [main] Validating found git in: "git"
2024-08-19 13:15:11.791 [info] [main] Using git "2.45.2" from "git"
2024-08-19 13:15:11.791 [info] [Model][doInitialScan] Initial repository scan started
2024-08-19 13:15:11.791 [info] > git rev-parse --show-toplevel [3ms]
2024-08-19 13:15:11.791 [info] fatal: not a git repository (or any of the parent directories): .git
2024-08-19 13:15:11.796 [info] > git rev-parse --show-toplevel [1ms]
2024-08-19 13:15:11.796 [info] fatal: not a git repository (or any of the parent directories): .git
2024-08-19 13:15:11.800 [info] > git rev-parse --show-toplevel [1ms]
2024-08-19 13:15:11.800 [info] fatal: not a git repository (or any of the parent directories): .git
2024-08-19 13:15:11.803 [info] > git rev-parse --show-toplevel [1ms]
2024-08-19 13:15:11.803 [info] fatal: not a git repository (or any of the parent directories): .git
2024-08-19 13:15:11.807 [info] > git rev-parse --show-toplevel [0ms]
2024-08-19 13:15:11.807 [info] fatal: not a git repository (or any of the parent directories): .git
2024-08-19 13:15:11.812 [info] > git rev-parse --show-toplevel [2ms]
2024-08-19 13:15:11.812 [info] fatal: not a git repository (or any of the parent directories): .git
2024-08-19 13:15:11.817 [info] > git rev-parse --show-toplevel [2ms]
2024-08-19 13:15:11.817 [info] fatal: not a git repository (or any of the parent directories): .git
2024-08-19 13:15:11.823 [info] > git rev-parse --show-toplevel [1ms]
2024-08-19 13:15:11.823 [info] fatal: not a git repository (or any of the parent directories): .git
2024-08-19 13:15:11.830 [info] > git rev-parse --show-toplevel [1ms]
2024-08-19 13:15:11.830 [info] fatal: not a git repository (or any of the parent directories): .git
2024-08-19 13:15:11.836 [info] > git rev-parse --show-toplevel [2ms]
2024-08-19 13:15:11.836 [info] fatal: not a git repository (or any of the parent directories): .git
2024-08-19 13:15:11.843 [info] > git rev-parse --show-toplevel [1ms]
2024-08-19 13:15:11.843 [info] fatal: not a git repository (or any of the parent directories): .git
2024-08-19 13:15:11.851 [info] > git rev-parse --show-toplevel [2ms]
2024-08-19 13:15:11.851 [info] fatal: not a git repository (or any of the parent directories): .git
2024-08-19 13:15:11.858 [info] > git rev-parse --show-toplevel [1ms]
2024-08-19 13:15:11.858 [info] fatal: not a git repository (or any of the parent directories): .git
2024-08-19 13:15:11.866 [info] > git rev-parse --show-toplevel [2ms]
2024-08-19 13:15:11.876 [info] > git rev-parse --git-dir --git-common-dir [2ms]
2024-08-19 13:15:11.892 [info] [Model][openRepository] Opened repository: /opt/lampp/htdocs/webdesa/ProjectWeb
2024-08-19 13:15:11.902 [info] > git rev-parse --show-toplevel [2ms]
2024-08-19 13:15:11.902 [info] fatal: not a git repository (or any of the parent directories): .git
2024-08-19 13:15:11.902 [info] > git config --get commit.template [5ms]
2024-08-19 13:15:11.910 [info] > git rev-parse --show-toplevel [5ms]
2024-08-19 13:15:11.910 [info] fatal: not a git repository (or any of the parent directories): .git
2024-08-19 13:15:11.923 [info] > git for-each-ref --format=%(refname)%00%(upstream:short)%00%(objectname)%00%(upstream:track)%00%(upstream:remotename)%00%(upstream:remoteref) refs/heads/main refs/remotes/main [14ms]
2024-08-19 13:15:11.934 [info] > git status -z -uall [8ms]
2024-08-19 13:15:11.941 [info] > git rev-parse --show-toplevel [18ms]
2024-08-19 13:15:11.941 [info] fatal: not a git repository (or any of the parent directories): .git
2024-08-19 13:15:11.947 [info] > git for-each-ref --format=%(refname)%00%(upstream:short)%00%(objectname)%00%(upstream:track)%00%(upstream:remotename)%00%(upstream:remoteref) refs/heads/main refs/remotes/main [10ms]
2024-08-19 13:15:11.952 [info] > git config --local branch.main.vscode-merge-base [2ms]
2024-08-19 13:15:11.952 [warning] [Git][config] git config failed: Failed to execute git
2024-08-19 13:15:11.955 [info] > git rev-parse --show-toplevel [8ms]
2024-08-19 13:15:11.955 [info] fatal: not a git repository (or any of the parent directories): .git
2024-08-19 13:15:11.955 [info] > git config --get commit.template [10ms]
2024-08-19 13:15:11.984 [info] > git rev-parse --show-toplevel [26ms]
2024-08-19 13:15:11.984 [info] fatal: not a git repository (or any of the parent directories): .git
2024-08-19 13:15:11.984 [info] > git reflog main --grep-reflog=branch: Created from *. [29ms]
2024-08-19 13:15:12.009 [info] > git symbolic-ref --short refs/remotes/origin/HEAD [22ms]
2024-08-19 13:15:12.009 [info] fatal: ref refs/remotes/origin/HEAD is not a symbolic ref
2024-08-19 13:15:12.009 [info] > git for-each-ref --format=%(refname)%00%(upstream:short)%00%(objectname)%00%(upstream:track)%00%(upstream:remotename)%00%(upstream:remoteref) refs/heads/main refs/remotes/main [28ms]
2024-08-19 13:15:12.013 [info] > git rev-parse --show-toplevel [4ms]
2024-08-19 13:15:12.013 [info] fatal: not a git repository (or any of the parent directories): .git
2024-08-19 13:15:12.017 [info] > git status -z -uall [5ms]
2024-08-19 13:15:12.021 [info] > git for-each-ref --format=%(refname)%00%(upstream:short)%00%(objectname)%00%(upstream:track)%00%(upstream:remotename)%00%(upstream:remoteref) refs/heads/main refs/remotes/main [1ms]
2024-08-19 13:15:12.025 [info] > git rev-parse --show-toplevel [9ms]
2024-08-19 13:15:12.025 [info] fatal: not a git repository (or any of the parent directories): .git
2024-08-19 13:15:12.029 [info] > git rev-parse --show-toplevel [1ms]
2024-08-19 13:15:12.029 [info] fatal: not a git repository (or any of the parent directories): .git
2024-08-19 13:15:12.029 [info] > git config --local branch.main.vscode-merge-base [4ms]
2024-08-19 13:15:12.029 [warning] [Git][config] git config failed: Failed to execute git
2024-08-19 13:15:12.035 [info] > git reflog main --grep-reflog=branch: Created from *. [3ms]
2024-08-19 13:15:12.037 [info] > git rev-parse --show-toplevel [3ms]
2024-08-19 13:15:12.037 [info] fatal: not a git repository (or any of the parent directories): .git
2024-08-19 13:15:12.038 [info] [Model][doInitialScan] Initial repository scan completed - repositories (1), closed repositories (0), parent repositories (0), unsafe repositories (0)
2024-08-19 13:15:12.039 [info] > git symbolic-ref --short refs/remotes/origin/HEAD [2ms]
2024-08-19 13:15:12.039 [info] fatal: ref refs/remotes/origin/HEAD is not a symbolic ref
2024-08-19 13:15:12.176 [info] > git rev-parse --show-toplevel [1ms]
2024-08-19 13:15:12.176 [info] fatal: not a git repository (or any of the parent directories): .git
2024-08-19 13:15:12.417 [info] > git check-ignore -v -z --stdin [3ms]
2024-08-19 13:15:12.505 [info] > git rev-parse --show-toplevel [1ms]
2024-08-19 13:15:12.505 [info] fatal: not a git repository (or any of the parent directories): .git
2024-08-19 13:16:25.167 [info] > git rev-parse --show-toplevel [1ms]
2024-08-19 13:16:25.167 [info] fatal: not a git repository (or any of the parent directories): .git
