2024-08-19 13:14:55.270 [info] Added views:workbench.panel.markers.view in workbench.panel.markers
2024-08-19 13:14:55.270 [info] Added views:workbench.panel.output in workbench.panel.output
2024-08-19 13:14:55.270 [info] Added views:terminal in terminal
2024-08-19 13:14:55.270 [info] Added views:outline in workbench.view.explorer
2024-08-19 13:14:55.270 [info] Added views:workbench.scm in workbench.view.scm
2024-08-19 13:14:55.270 [info] Added views:workbench.view.search in workbench.view.search
2024-08-19 13:14:55.270 [info] Added views:timeline in workbench.view.explorer
2024-08-19 13:14:55.270 [info] Added views:workbench.explorer.emptyView in workbench.view.explorer
2024-08-19 13:14:55.423 [info] Added views:workbench.debug.welcome in workbench.view.debug
2024-08-19 13:14:55.584 [info] Added views:~remote.forwardedPorts in ~remote.forwardedPortsContainer
2024-08-19 13:14:55.835 [info] Added views:workbench.panel.repl.view in workbench.panel.repl
2024-08-19 13:14:56.088 [info] Added views:petsView in workbench.view.explorer
2024-08-19 13:15:09.960 [info] Added views:workbench.panel.markers.view in workbench.panel.markers
2024-08-19 13:15:09.960 [info] Added views:workbench.panel.output in workbench.panel.output
2024-08-19 13:15:09.960 [info] Added views:terminal in terminal
2024-08-19 13:15:09.960 [info] Added views:outline in workbench.view.explorer
2024-08-19 13:15:09.960 [info] Added views:workbench.scm in workbench.view.scm
2024-08-19 13:15:09.960 [info] Added views:workbench.view.search in workbench.view.search
2024-08-19 13:15:09.960 [info] Added views:timeline in workbench.view.explorer
2024-08-19 13:15:09.960 [info] Added views:workbench.explorer.fileView in workbench.view.explorer
2024-08-19 13:15:10.212 [info] Added views:workbench.debug.variablesView,workbench.debug.watchExpressionsView,workbench.debug.callStackView,workbench.debug.breakPointsView in workbench.view.debug
2024-08-19 13:15:10.269 [info] Added views:~remote.forwardedPorts in ~remote.forwardedPortsContainer
2024-08-19 13:15:10.473 [info] Added views:workbench.panel.repl.view in workbench.panel.repl
2024-08-19 13:15:10.473 [info] Removed views:workbench.debug.breakPointsView,workbench.debug.callStackView,workbench.debug.watchExpressionsView,workbench.debug.variablesView from workbench.view.debug
2024-08-19 13:15:10.473 [info] Added views:workbench.debug.welcome in workbench.view.debug
2024-08-19 13:15:11.787 [info] Added views:petsView in workbench.view.explorer
