2024-08-19 13:14:08.388 [info] Extension host with pid 13165 started
2024-08-19 13:14:08.429 [info] ExtensionService#_doActivateExtension vscode.git-base, startup: true, activationEvent: '*', root cause: vscode.git
2024-08-19 13:14:08.433 [info] ExtensionService#_doActivateExtension formulahendry.auto-close-tag, startup: true, activationEvent: '*'
2024-08-19 13:14:08.434 [info] ExtensionService#_doActivateExtension formulahendry.auto-rename-tag, startup: true, activationEvent: '*'
2024-08-19 13:14:08.454 [info] ExtensionService#_doActivateExtension mohamedbenhida.laravel-intellisense, startup: true, activationEvent: '*'
2024-08-19 13:14:08.510 [error] Activating extension mohamedbenhida.laravel-intellisense failed due to an error:
2024-08-19 13:14:08.510 [error] TypeError: Cannot use 'in' operator to search for 'uri' in undefined
    at registerCommand (/root/.vscode/extensions/mohamedbenhida.laravel-intellisense-0.2.0/src/utils.ts:59:6)
    at x (/root/.vscode/extensions/mohamedbenhida.laravel-intellisense-0.2.0/src/extension.ts:16:14)
    at Function.kb (/opt/visual-studio-code/resources/app/out/vs/workbench/api/node/extensionHostProcess.js:160:13608)
    at Function.jb (/opt/visual-studio-code/resources/app/out/vs/workbench/api/node/extensionHostProcess.js:160:13280)
    at /opt/visual-studio-code/resources/app/out/vs/workbench/api/node/extensionHostProcess.js:160:11267
    at m.n (/opt/visual-studio-code/resources/app/out/vs/workbench/api/node/extensionHostProcess.js:144:6409)
    at m (/opt/visual-studio-code/resources/app/out/vs/workbench/api/node/extensionHostProcess.js:144:6372)
    at m.l (/opt/visual-studio-code/resources/app/out/vs/workbench/api/node/extensionHostProcess.js:144:5829)
2024-08-19 13:14:08.563 [info] ExtensionService#_doActivateExtension vscode.git, startup: true, activationEvent: '*'
2024-08-19 13:14:08.636 [info] ExtensionService#_doActivateExtension vscode.github, startup: true, activationEvent: '*'
2024-08-19 13:14:08.707 [info] Eager extensions activated
2024-08-19 13:14:08.731 [info] ExtensionService#_doActivateExtension vscode.debug-auto-launch, startup: false, activationEvent: 'onStartupFinished'
2024-08-19 13:14:08.733 [info] ExtensionService#_doActivateExtension vscode.merge-conflict, startup: false, activationEvent: 'onStartupFinished'
2024-08-19 13:14:08.745 [info] ExtensionService#_doActivateExtension ritwickdey.LiveServer, startup: false, activationEvent: 'onStartupFinished'
2024-08-19 13:14:08.751 [info] ExtensionService#_doActivateExtension tonybaloney.vscode-pets, startup: false, activationEvent: 'onStartupFinished'
2024-08-19 13:14:08.761 [info] ExtensionService#_doActivateExtension usernamehw.errorlens, startup: false, activationEvent: 'onStartupFinished'
2024-08-19 13:14:08.765 [info] ExtensionService#_doActivateExtension vscode-icons-team.vscode-icons, startup: false, activationEvent: 'onStartupFinished'
2024-08-19 13:14:18.976 [info] Extension host terminating: renderer closed the MessagePort
2024-08-19 13:14:19.003 [info] Extension host with pid 13165 exiting with code 0
